<?xml version="1.0" encoding="UTF-8"?>
<!-- Generated by org.testng.reporters.JUnitXMLReporter -->
<testsuite hostname="hiran-PC" ignored="0" name="Default test" tests="4" failures="0" timestamp="20 Aug 2019 15:41:57 GMT" time="10.992" errors="0">
  <testcase name="corto" time="9.623" classname="api.ApiTesting"/>
  <testcase name="getbody" time="0.341" classname="api.ApiTesting"/>
  <testcase name="largo" time="0.371" classname="api.ApiTesting"/>
  <testcase name="testResponsecode" time="0.353" classname="api.ApiTesting"/>
</testsuite> <!-- Default test -->
